<?xml version="1.0" encoding="UTF-8"?>
<!-- Generated by org.testng.reporters.JUnitXMLReporter -->
<testsuite ignored="0" hostname="Neova-Navdeep_HP" failures="1" tests="2" name="Selenium Project Test Cases" time="16.782" errors="0" timestamp="14 Mar 2019 09:19:54 GMT">
  <testcase classname="testCases.TC01_WelcomePageTest" name="WelcomePageTitleTest on [TC01_WelcomePageTest passed=0 failed=0 skipped=0]" time="0.021"/>
  <testcase classname="testCases.TC01_WelcomePageTest" name="googleLogoTest on [TC01_WelcomePageTest passed=0 failed=0 skipped=0]" time="0.003">
    <failure type="java.lang.NullPointerException">
      <![CDATA[java.lang.NullPointerException
at pages.WelcomePage.validateGoogleLogo(WelcomePage.java:37)
at testCases.TC01_WelcomePageTest.googleLogoTest(TC01_WelcomePageTest.java:31)
... Removed 25 stack frames]]>
    </failure>
  </testcase> <!-- googleLogoTest on [TC01_WelcomePageTest passed=0 failed=0 skipped=0] -->
</testsuite> <!-- Selenium Project Test Cases -->
