<?xml version="1.0" encoding="UTF-8"?>
<!-- Generated by org.testng.reporters.JUnitXMLReporter -->
<testsuite ignored="0" hostname="Neova-Navdeep_HP" failures="0" tests="2" name="TC01_WelcomePage_TitleTest" time="22.278" errors="0" timestamp="14 Mar 2019 12:37:09 GMT">
  <testcase classname="testCases.TC01_WelcomePage_TitleTest" name="TitleTest1 on [TC01_WelcomePage_TitleTest passed=0 failed=0 skipped=0]" time="2.02"/>
  <testcase classname="testCases.TC01_WelcomePage_TitleTest" name="TitleTest2 on [TC01_WelcomePage_TitleTest passed=0 failed=0 skipped=0]" time="2.015"/>
</testsuite> <!-- TC01_WelcomePage_TitleTest -->
