<?xml version="1.0" encoding="UTF-8"?>
<!-- Generated by org.testng.reporters.JUnitXMLReporter -->
<testsuite ignored="0" hostname="Neova-Navdeep_HP" failures="1" tests="1" name="Test Case 2: Welcome Page Logo Test" time="13.832" errors="0" timestamp="14 Mar 2019 09:59:18 GMT">
  <testcase classname="testCases.TC02_WelcomePage_LogoTest" name="googleLogoTest on [TC02_WelcomePage_LogoTest passed=0 failed=0 skipped=0]" time="2.003">
    <failure type="java.lang.NullPointerException">
      <![CDATA[java.lang.NullPointerException
at pages.WelcomePage.validateGoogleLogo(WelcomePage.java:37)
at testCases.TC02_WelcomePage_LogoTest.googleLogoTest(TC02_WelcomePage_LogoTest.java:15)
... Removed 25 stack frames]]>
    </failure>
  </testcase> <!-- googleLogoTest on [TC02_WelcomePage_LogoTest passed=0 failed=0 skipped=0] -->
</testsuite> <!-- Test Case 2: Welcome Page Logo Test -->
