<?xml version="1.0" encoding="UTF-8"?>
<!-- Generated by org.testng.reporters.JUnitXMLReporter -->
<testsuite ignored="3" hostname="Neova-Navdeep_HP" failures="1" tests="2" name="Test Case Navdeep" time="28.186" errors="0" timestamp="14 Mar 2019 10:15:28 GMT">
  <testcase classname="testCases.TC01_WelcomePage_TitleTest" name="WelcomePageTitleTest on [TC01_WelcomePage_TitleTest passed=0 failed=0 skipped=0]" time="2.029"/>
  <testcase classname="testCases.TC02_WelcomePage_LogoTest" name="googleLogoTest on [TC02_WelcomePage_LogoTest passed=0 failed=0 skipped=0]" time="2.014">
    <failure type="java.lang.NullPointerException">
      <![CDATA[java.lang.NullPointerException
at pages.WelcomePage.validateGoogleLogo(WelcomePage.java:37)
at testCases.TC02_WelcomePage_LogoTest.googleLogoTest(TC02_WelcomePage_LogoTest.java:15)
... Removed 25 stack frames]]>
    </failure>
  </testcase> <!-- googleLogoTest on [TC02_WelcomePage_LogoTest passed=0 failed=0 skipped=0] -->
  <testcase classname="base.Base" name="@AfterSuite generateReport" time="0.0">
    <ignored/>
  </testcase> <!-- @AfterSuite generateReport -->
  <testcase classname="base.Base" name="@BeforeSuite setupReport" time="0.0">
    <ignored/>
  </testcase> <!-- @BeforeSuite setupReport -->
  <testcase classname="base.Base" name="@BeforeTest startExtentReports" time="0.0">
    <ignored/>
  </testcase> <!-- @BeforeTest startExtentReports -->
</testsuite> <!-- Test Case Navdeep -->
