<?xml version="1.0" encoding="UTF-8"?>
<!-- Generated by org.testng.reporters.JUnitXMLReporter -->
<testsuite ignored="0" hostname="Neova-Navdeep_HP" failures="2" tests="2" name="Test Case 2: WelcomePage_LogoTest" time="17.727" errors="0" timestamp="14 Mar 2019 11:46:25 GMT">
  <testcase classname="testCases.TC02_WelcomePage_LogoTest" name="googleLogoTest1 on [TC02_WelcomePage_LogoTest passed=0 failed=0 skipped=0]" time="2.009">
    <failure type="java.lang.NullPointerException">
      <![CDATA[java.lang.NullPointerException
at pages.WelcomePage.validateGoogleLogo(WelcomePage.java:37)
at testCases.TC02_WelcomePage_LogoTest.googleLogoTest1(TC02_WelcomePage_LogoTest.java:17)
... Removed 25 stack frames]]>
    </failure>
  </testcase> <!-- googleLogoTest1 on [TC02_WelcomePage_LogoTest passed=0 failed=0 skipped=0] -->
  <testcase classname="testCases.TC02_WelcomePage_LogoTest" name="googleLogoTest2 on [TC02_WelcomePage_LogoTest passed=0 failed=0 skipped=0]" time="2.006">
    <failure type="java.lang.NullPointerException">
      <![CDATA[java.lang.NullPointerException
at pages.WelcomePage.validateGoogleLogo(WelcomePage.java:37)
at testCases.TC02_WelcomePage_LogoTest.googleLogoTest2(TC02_WelcomePage_LogoTest.java:29)
... Removed 25 stack frames]]>
    </failure>
  </testcase> <!-- googleLogoTest2 on [TC02_WelcomePage_LogoTest passed=0 failed=0 skipped=0] -->
</testsuite> <!-- Test Case 2: WelcomePage_LogoTest -->
