<?xml version="1.0" encoding="UTF-8"?>
<!-- Generated by org.testng.reporters.JUnitXMLReporter -->
<testsuite ignored="1" hostname="Neova-Navdeep_HP" failures="0" tests="2" name="Test Case 1" time="16.415" errors="0" timestamp="14 Mar 2019 15:58:57 GMT">
  <testcase classname="testCases.TC01_WelcomePage" name="validateTest1 on [TC01_WelcomePage passed=0 failed=0 skipped=0]" time="2.044"/>
  <testcase classname="testCases.TC01_WelcomePage" name="validateTest2 on [TC01_WelcomePage passed=0 failed=0 skipped=0]" time="2.019"/>
  <testcase classname="testCases.TC01_WelcomePage" name="validateTest3" time="0.0">
    <ignored/>
  </testcase> <!-- validateTest3 -->
</testsuite> <!-- Test Case 1 -->
