<?xml version="1.0" encoding="UTF-8"?>
<!-- Generated by org.testng.reporters.JUnitXMLReporter -->
<testsuite ignored="0" hostname="Neova-Navdeep_HP" failures="0" tests="1" name="Test Case 1: Welcome Page Title Test" time="17.478" errors="0" timestamp="14 Mar 2019 09:59:04 GMT">
  <testcase classname="testCases.TC01_WelcomePage_TitleTest" name="WelcomePageTitleTest on [TC01_WelcomePage_TitleTest passed=0 failed=0 skipped=0]" time="2.036"/>
</testsuite> <!-- Test Case 1: Welcome Page Title Test -->
