<?xml version="1.0" encoding="UTF-8"?>
<!-- Generated by org.testng.reporters.JUnitXMLReporter -->
<testsuite ignored="0" hostname="Neova-Navdeep_HP" failures="0" tests="2" name="Test Case 1: WelcomePage_TitleTest" time="17.535" errors="0" timestamp="14 Mar 2019 11:46:08 GMT">
  <testcase classname="testCases.TC01_WelcomePage_TitleTest" name="TitleTest1 on [TC01_WelcomePage_TitleTest passed=0 failed=0 skipped=0]" time="2.027"/>
  <testcase classname="testCases.TC01_WelcomePage_TitleTest" name="TitleTest2 on [TC01_WelcomePage_TitleTest passed=0 failed=0 skipped=0]" time="2.019"/>
</testsuite> <!-- Test Case 1: WelcomePage_TitleTest -->
