<?xml version="1.0" encoding="UTF-8"?>
<!-- Generated by org.testng.reporters.JUnitXMLReporter -->
<testsuite ignored="1" hostname="Neova-Navdeep_HP" failures="1" tests="1" name="Test Case 2" time="11.604" errors="0" timestamp="14 Mar 2019 15:59:09 GMT">
  <testcase classname="testCases.TC02_LoginPage" name="validateLogoTest1 on [TC02_LoginPage passed=0 failed=0 skipped=0]" time="2.001">
    <failure type="java.lang.NullPointerException">
      <![CDATA[java.lang.NullPointerException
at pages.WelcomePage.validateGoogleLogo(WelcomePage.java:37)
at testCases.TC02_LoginPage.validateLogoTest1(TC02_LoginPage.java:16)
... Removed 25 stack frames]]>
    </failure>
  </testcase> <!-- validateLogoTest1 on [TC02_LoginPage passed=0 failed=0 skipped=0] -->
  <testcase classname="testCases.TC02_LoginPage" name="validateLogoTest2" time="0.0">
    <ignored/>
  </testcase> <!-- validateLogoTest2 -->
</testsuite> <!-- Test Case 2 -->
